<?xml version="1.0" encoding="UTF-8"?>
<testng-results ignored="0" total="23" passed="20" failed="3" skipped="0">
  <reporter-output>
  </reporter-output>
  <suite started-at="2023-09-29T10:55:27 IST" name="Default suite" finished-at="2023-09-29T11:01:25 IST" duration-ms="357586">
    <groups>
      <group name="cucumber">
        <method signature="AbstractTestNGCucumberTests.runScenario(io.cucumber.testng.PickleWrapper,io.cucumber.testng.FeatureWrapper)[pri:0, instance:com.runner.RunnerClass$CucumberRunnerTests@548a24a]" name="runScenario" class="io.cucumber.testng.AbstractTestNGCucumberTests"/>
      </group> <!-- cucumber -->
    </groups>
    <test started-at="2023-09-29T10:55:27 IST" name="Default test" finished-at="2023-09-29T11:01:25 IST" duration-ms="357586">
      <class name="com.runner.RunnerClass$CucumberRunnerTests">
        <test-method is-config="true" signature="setUpClass(org.testng.ITestContext)[pri:0, instance:com.runner.RunnerClass$CucumberRunnerTests@548a24a]" started-at="2023-09-29T10:55:27 IST" name="setUpClass" finished-at="2023-09-29T10:55:28 IST" duration-ms="652" status="PASS">
          <params>
            <param index="0">
              <value>
                <![CDATA[org.testng.TestRunner@6888a33]]>
              </value>
            </param>
          </params>
          <reporter-output>
          </reporter-output>
        </test-method> <!-- setUpClass -->
        <test-method signature="runScenario(io.cucumber.testng.PickleWrapper,io.cucumber.testng.FeatureWrapper)[pri:0, instance:com.runner.RunnerClass$CucumberRunnerTests@548a24a]" started-at="2023-09-29T10:55:28 IST" name="runScenario" description="Runs Cucumber Scenarios" data-provider="scenarios" finished-at="2023-09-29T10:55:46 IST" duration-ms="18527" status="PASS">
          <params>
            <param index="0">
              <value>
                <![CDATA["Checking the functionality of Help"]]>
              </value>
            </param>
            <param index="1">
              <value>
                <![CDATA["Validating the Admin Functionality in Organization"]]>
              </value>
            </param>
          </params>
          <reporter-output>
          </reporter-output>
        </test-method> <!-- runScenario -->
        <test-method signature="runScenario(io.cucumber.testng.PickleWrapper,io.cucumber.testng.FeatureWrapper)[pri:0, instance:com.runner.RunnerClass$CucumberRunnerTests@548a24a]" started-at="2023-09-29T10:55:46 IST" name="runScenario" description="Runs Cucumber Scenarios" data-provider="scenarios" finished-at="2023-09-29T10:55:59 IST" duration-ms="12391" status="PASS">
          <params>
            <param index="0">
              <value>
                <![CDATA["Checking the functionality Pay Grades in Job"]]>
              </value>
            </param>
            <param index="1">
              <value>
                <![CDATA["Validating the Admin Functionality of Job"]]>
              </value>
            </param>
          </params>
          <reporter-output>
          </reporter-output>
        </test-method> <!-- runScenario -->
        <test-method signature="runScenario(io.cucumber.testng.PickleWrapper,io.cucumber.testng.FeatureWrapper)[pri:0, instance:com.runner.RunnerClass$CucumberRunnerTests@548a24a]" started-at="2023-09-29T10:55:59 IST" name="runScenario" description="Runs Cucumber Scenarios" data-provider="scenarios" finished-at="2023-09-29T10:56:16 IST" duration-ms="16872" status="PASS">
          <params>
            <param index="0">
              <value>
                <![CDATA["Checking the functionality of General Information in Organization"]]>
              </value>
            </param>
            <param index="1">
              <value>
                <![CDATA["Validating the Admin Functionality in Organization"]]>
              </value>
            </param>
          </params>
          <reporter-output>
          </reporter-output>
        </test-method> <!-- runScenario -->
        <test-method signature="runScenario(io.cucumber.testng.PickleWrapper,io.cucumber.testng.FeatureWrapper)[pri:0, instance:com.runner.RunnerClass$CucumberRunnerTests@548a24a]" started-at="2023-09-29T10:56:16 IST" name="runScenario" description="Runs Cucumber Scenarios" data-provider="scenarios" finished-at="2023-09-29T10:56:35 IST" duration-ms="19189" status="PASS">
          <params>
            <param index="0">
              <value>
                <![CDATA["Checking the functionality of Location in Organization"]]>
              </value>
            </param>
            <param index="1">
              <value>
                <![CDATA["Validating the Admin Functionality in Organization"]]>
              </value>
            </param>
          </params>
          <reporter-output>
          </reporter-output>
        </test-method> <!-- runScenario -->
        <test-method signature="runScenario(io.cucumber.testng.PickleWrapper,io.cucumber.testng.FeatureWrapper)[pri:0, instance:com.runner.RunnerClass$CucumberRunnerTests@548a24a]" started-at="2023-09-29T10:56:35 IST" name="runScenario" description="Runs Cucumber Scenarios" data-provider="scenarios" finished-at="2023-09-29T10:56:44 IST" duration-ms="9303" status="PASS">
          <params>
            <param index="0">
              <value>
                <![CDATA["Searching the user by selecting the Location in Organization"]]>
              </value>
            </param>
            <param index="1">
              <value>
                <![CDATA["Validating the Admin Functionality in Organization"]]>
              </value>
            </param>
          </params>
          <reporter-output>
          </reporter-output>
        </test-method> <!-- runScenario -->
        <test-method signature="runScenario(io.cucumber.testng.PickleWrapper,io.cucumber.testng.FeatureWrapper)[pri:0, instance:com.runner.RunnerClass$CucumberRunnerTests@548a24a]" started-at="2023-09-29T10:56:44 IST" name="runScenario" description="Runs Cucumber Scenarios" data-provider="scenarios" finished-at="2023-09-29T10:56:56 IST" duration-ms="11825" status="PASS">
          <params>
            <param index="0">
              <value>
                <![CDATA["Checking the functionality of Skills in Qualification"]]>
              </value>
            </param>
            <param index="1">
              <value>
                <![CDATA["Validating the Admin Functionality in Organization in Qualification"]]>
              </value>
            </param>
          </params>
          <reporter-output>
          </reporter-output>
        </test-method> <!-- runScenario -->
        <test-method signature="runScenario(io.cucumber.testng.PickleWrapper,io.cucumber.testng.FeatureWrapper)[pri:0, instance:com.runner.RunnerClass$CucumberRunnerTests@548a24a]" started-at="2023-09-29T10:56:56 IST" name="runScenario" description="Runs Cucumber Scenarios" data-provider="scenarios" finished-at="2023-09-29T10:57:20 IST" duration-ms="24437" status="PASS">
          <params>
            <param index="0">
              <value>
                <![CDATA["Add new User in User Management"]]>
              </value>
            </param>
            <param index="1">
              <value>
                <![CDATA["Validating the Admin UserMagement Functionality"]]>
              </value>
            </param>
          </params>
          <reporter-output>
          </reporter-output>
        </test-method> <!-- runScenario -->
        <test-method signature="runScenario(io.cucumber.testng.PickleWrapper,io.cucumber.testng.FeatureWrapper)[pri:0, instance:com.runner.RunnerClass$CucumberRunnerTests@548a24a]" started-at="2023-09-29T10:57:20 IST" name="runScenario" description="Runs Cucumber Scenarios" data-provider="scenarios" finished-at="2023-09-29T10:57:28 IST" duration-ms="7779" status="PASS">
          <params>
            <param index="0">
              <value>
                <![CDATA["Searching for Added User in User Management"]]>
              </value>
            </param>
            <param index="1">
              <value>
                <![CDATA["Validating the Admin UserMagement Functionality"]]>
              </value>
            </param>
          </params>
          <reporter-output>
          </reporter-output>
        </test-method> <!-- runScenario -->
        <test-method signature="runScenario(io.cucumber.testng.PickleWrapper,io.cucumber.testng.FeatureWrapper)[pri:0, instance:com.runner.RunnerClass$CucumberRunnerTests@548a24a]" started-at="2023-09-29T10:57:28 IST" name="runScenario" description="Runs Cucumber Scenarios" data-provider="scenarios" finished-at="2023-09-29T10:57:40 IST" duration-ms="11986" status="PASS">
          <params>
            <param index="0">
              <value>
                <![CDATA["Generate Leave Entitlements and Usage Reports for employee"]]>
              </value>
            </param>
            <param index="1">
              <value>
                <![CDATA["Reports-Leave Entitlements and Usage Report"]]>
              </value>
            </param>
          </params>
          <reporter-output>
          </reporter-output>
        </test-method> <!-- runScenario -->
        <test-method signature="runScenario(io.cucumber.testng.PickleWrapper,io.cucumber.testng.FeatureWrapper)[pri:0, instance:com.runner.RunnerClass$CucumberRunnerTests@548a24a]" started-at="2023-09-29T10:57:40 IST" name="runScenario" description="Runs Cucumber Scenarios" data-provider="scenarios" finished-at="2023-09-29T10:57:51 IST" duration-ms="10477" status="PASS">
          <params>
            <param index="0">
              <value>
                <![CDATA["Generate Leave Entitlements and Usage Reports for Leave type"]]>
              </value>
            </param>
            <param index="1">
              <value>
                <![CDATA["Reports-Leave Entitlements and Usage Report"]]>
              </value>
            </param>
          </params>
          <reporter-output>
          </reporter-output>
        </test-method> <!-- runScenario -->
        <test-method signature="runScenario(io.cucumber.testng.PickleWrapper,io.cucumber.testng.FeatureWrapper)[pri:0, instance:com.runner.RunnerClass$CucumberRunnerTests@548a24a]" started-at="2023-09-29T10:57:51 IST" name="runScenario" description="Runs Cucumber Scenarios" data-provider="scenarios" finished-at="2023-09-29T10:57:59 IST" duration-ms="8434" status="PASS">
          <params>
            <param index="0">
              <value>
                <![CDATA["the user sets leave period"]]>
              </value>
            </param>
            <param index="1">
              <value>
                <![CDATA["Configure-Leave Period"]]>
              </value>
            </param>
          </params>
          <reporter-output>
          </reporter-output>
        </test-method> <!-- runScenario -->
        <test-method signature="runScenario(io.cucumber.testng.PickleWrapper,io.cucumber.testng.FeatureWrapper)[pri:0, instance:com.runner.RunnerClass$CucumberRunnerTests@548a24a]" started-at="2023-09-29T10:57:59 IST" name="runScenario" description="Runs Cucumber Scenarios" data-provider="scenarios" finished-at="2023-09-29T10:58:16 IST" duration-ms="16802" status="PASS">
          <params>
            <param index="0">
              <value>
                <![CDATA["The user Add Entitlements with valid data"]]>
              </value>
            </param>
            <param index="1">
              <value>
                <![CDATA["Add Entitlements"]]>
              </value>
            </param>
          </params>
          <reporter-output>
          </reporter-output>
        </test-method> <!-- runScenario -->
        <test-method signature="runScenario(io.cucumber.testng.PickleWrapper,io.cucumber.testng.FeatureWrapper)[pri:0, instance:com.runner.RunnerClass$CucumberRunnerTests@548a24a]" started-at="2023-09-29T10:58:16 IST" name="runScenario" description="Runs Cucumber Scenarios" data-provider="scenarios" finished-at="2023-09-29T10:58:24 IST" duration-ms="8191" status="PASS">
          <params>
            <param index="0">
              <value>
                <![CDATA["The user Addd Entitlements without filling required fields"]]>
              </value>
            </param>
            <param index="1">
              <value>
                <![CDATA["Add Entitlements"]]>
              </value>
            </param>
          </params>
          <reporter-output>
          </reporter-output>
        </test-method> <!-- runScenario -->
        <test-method signature="runScenario(io.cucumber.testng.PickleWrapper,io.cucumber.testng.FeatureWrapper)[pri:0, instance:com.runner.RunnerClass$CucumberRunnerTests@548a24a]" started-at="2023-09-29T10:58:24 IST" name="runScenario" description="Runs Cucumber Scenarios" data-provider="scenarios" finished-at="2023-09-29T10:58:29 IST" duration-ms="5490" status="FAIL">
          <params>
            <param index="0">
              <value>
                <![CDATA["Fill Personal Details"]]>
              </value>
            </param>
            <param index="1">
              <value>
                <![CDATA["MyInfo Module"]]>
              </value>
            </param>
          </params>
          <exception class="java.lang.NullPointerException">
            <message>
              <![CDATA[inStream parameter is null]]>
            </message>
            <full-stacktrace>
              <![CDATA[java.lang.NullPointerException: inStream parameter is null
at java.base/java.util.Objects.requireNonNull(Objects.java:235)
at java.base/java.util.Properties.load(Properties.java:407)
at com.pageactions.MyInfo_PersonalDetailsActions.Save(MyInfo_PersonalDetailsActions.java:107)
at com.stepdefinition.MyInfo_PersonalDetailsStepDefinition.EnterDetails(MyInfo_PersonalDetailsStepDefinition.java:23)
at ✽.the user enters personal details and save them(file:///C:/Users/mmaralinganavar/Desktop/Pilot%20Project/Git/PilotProject/PilotProjectOrangeHRM/src/test/resources/features/MyInfo_PersonalDetails.feature:10)
]]>
            </full-stacktrace>
          </exception> <!-- java.lang.NullPointerException -->
          <reporter-output>
          </reporter-output>
        </test-method> <!-- runScenario -->
        <test-method signature="runScenario(io.cucumber.testng.PickleWrapper,io.cucumber.testng.FeatureWrapper)[pri:0, instance:com.runner.RunnerClass$CucumberRunnerTests@548a24a]" started-at="2023-09-29T10:58:29 IST" name="runScenario" description="Runs Cucumber Scenarios" data-provider="scenarios" finished-at="2023-09-29T10:58:43 IST" duration-ms="13816" status="FAIL">
          <params>
            <param index="0">
              <value>
                <![CDATA["To validate the Login feature of the OrangeHRM"]]>
              </value>
            </param>
            <param index="1">
              <value>
                <![CDATA["Orange HRM Login feature test"]]>
              </value>
            </param>
          </params>
          <exception class="org.openqa.selenium.NoSuchElementException">
            <message>
              <![CDATA[no such element: Unable to locate element: {"method":"xpath","selector":"//h6[text()='Dashboard']"}
  (Session info: chrome=117.0.5938.132)
For documentation on this error, please visit: https://www.selenium.dev/documentation/webdriver/troubleshooting/errors#no-such-element-exception
Build info: version: '4.12.1', revision: '8e34639b11'
System info: os.name: 'Windows 10', os.arch: 'amd64', os.version: '10.0', java.version: '17.0.7'
Driver info: org.openqa.selenium.chrome.ChromeDriver
Command: [30fd94b9ec64fe72656d0b416a5b00f7, findElement {using=xpath, value=//h6[text()='Dashboard']}]
Capabilities {acceptInsecureCerts: false, browserName: chrome, browserVersion: 117.0.5938.132, chrome: {chromedriverVersion: 117.0.5938.92 (67649b10b92b..., userDataDir: C:\Users\MMARAL~1\AppData\L...}, fedcm:accounts: true, goog:chromeOptions: {debuggerAddress: localhost:51857}, networkConnectionEnabled: false, pageLoadStrategy: normal, platformName: windows, proxy: Proxy(), se:cdp: ws://localhost:51857/devtoo..., se:cdpVersion: 117.0.5938.132, setWindowRect: true, strictFileInteractability: false, timeouts: {implicit: 0, pageLoad: 300000, script: 30000}, unhandledPromptBehavior: dismiss and notify, webauthn:extension:credBlob: true, webauthn:extension:largeBlob: true, webauthn:extension:minPinLength: true, webauthn:extension:prf: true, webauthn:virtualAuthenticators: true}
Session ID: 30fd94b9ec64fe72656d0b416a5b00f7]]>
            </message>
            <full-stacktrace>
              <![CDATA[org.openqa.selenium.NoSuchElementException: no such element: Unable to locate element: {"method":"xpath","selector":"//h6[text()='Dashboard']"}
  (Session info: chrome=117.0.5938.132)
For documentation on this error, please visit: https://www.selenium.dev/documentation/webdriver/troubleshooting/errors#no-such-element-exception
Build info: version: '4.12.1', revision: '8e34639b11'
System info: os.name: 'Windows 10', os.arch: 'amd64', os.version: '10.0', java.version: '17.0.7'
Driver info: org.openqa.selenium.chrome.ChromeDriver
Command: [30fd94b9ec64fe72656d0b416a5b00f7, findElement {using=xpath, value=//h6[text()='Dashboard']}]
Capabilities {acceptInsecureCerts: false, browserName: chrome, browserVersion: 117.0.5938.132, chrome: {chromedriverVersion: 117.0.5938.92 (67649b10b92b..., userDataDir: C:\Users\MMARAL~1\AppData\L...}, fedcm:accounts: true, goog:chromeOptions: {debuggerAddress: localhost:51857}, networkConnectionEnabled: false, pageLoadStrategy: normal, platformName: windows, proxy: Proxy(), se:cdp: ws://localhost:51857/devtoo..., se:cdpVersion: 117.0.5938.132, setWindowRect: true, strictFileInteractability: false, timeouts: {implicit: 0, pageLoad: 300000, script: 30000}, unhandledPromptBehavior: dismiss and notify, webauthn:extension:credBlob: true, webauthn:extension:largeBlob: true, webauthn:extension:minPinLength: true, webauthn:extension:prf: true, webauthn:virtualAuthenticators: true}
Session ID: 30fd94b9ec64fe72656d0b416a5b00f7
at java.base/jdk.internal.reflect.NativeConstructorAccessorImpl.newInstance0(Native Method)
at java.base/jdk.internal.reflect.NativeConstructorAccessorImpl.newInstance(NativeConstructorAccessorImpl.java:77)
at java.base/jdk.internal.reflect.DelegatingConstructorAccessorImpl.newInstance(DelegatingConstructorAccessorImpl.java:45)
at java.base/java.lang.reflect.Constructor.newInstanceWithCaller(Constructor.java:499)
at java.base/java.lang.reflect.Constructor.newInstance(Constructor.java:480)
at org.openqa.selenium.remote.codec.w3c.W3CHttpResponseCodec.createException(W3CHttpResponseCodec.java:200)
at org.openqa.selenium.remote.codec.w3c.W3CHttpResponseCodec.decode(W3CHttpResponseCodec.java:133)
at org.openqa.selenium.remote.codec.w3c.W3CHttpResponseCodec.decode(W3CHttpResponseCodec.java:52)
at org.openqa.selenium.remote.HttpCommandExecutor.execute(HttpCommandExecutor.java:191)
at org.openqa.selenium.remote.service.DriverCommandExecutor.invokeExecute(DriverCommandExecutor.java:196)
at org.openqa.selenium.remote.service.DriverCommandExecutor.execute(DriverCommandExecutor.java:171)
at org.openqa.selenium.remote.RemoteWebDriver.execute(RemoteWebDriver.java:602)
at org.openqa.selenium.remote.ElementLocation$ElementFinder$2.findElement(ElementLocation.java:165)
at org.openqa.selenium.remote.ElementLocation.findElement(ElementLocation.java:59)
at org.openqa.selenium.remote.RemoteWebDriver.findElement(RemoteWebDriver.java:359)
at org.openqa.selenium.remote.RemoteWebDriver.findElement(RemoteWebDriver.java:353)
at org.openqa.selenium.support.pagefactory.DefaultElementLocator.findElement(DefaultElementLocator.java:68)
at org.openqa.selenium.support.pagefactory.internal.LocatingElementHandler.invoke(LocatingElementHandler.java:38)
at jdk.proxy2/jdk.proxy2.$Proxy23.getText(Unknown Source)
at com.pageactions.OrangeHRMHomePageActions.getHomePageText(OrangeHRMHomePageActions.java:20)
at com.stepdefinition.OrangeLoginStepDefinition.validating_login_page(OrangeLoginStepDefinition.java:52)
at ✽.Validating Login Page(file:///C:/Users/mmaralinganavar/Desktop/Pilot%20Project/Git/PilotProject/PilotProjectOrangeHRM/src/test/resources/features/OHRMLoginPage.feature:8)
]]>
            </full-stacktrace>
          </exception> <!-- org.openqa.selenium.NoSuchElementException -->
          <reporter-output>
          </reporter-output>
        </test-method> <!-- runScenario -->
        <test-method signature="runScenario(io.cucumber.testng.PickleWrapper,io.cucumber.testng.FeatureWrapper)[pri:0, instance:com.runner.RunnerClass$CucumberRunnerTests@548a24a]" started-at="2023-09-29T10:58:43 IST" name="runScenario" description="Runs Cucumber Scenarios" data-provider="scenarios" finished-at="2023-09-29T10:58:54 IST" duration-ms="10605" status="PASS">
          <params>
            <param index="0">
              <value>
                <![CDATA["To validate the Login feature of the OrangeHRM"]]>
              </value>
            </param>
            <param index="1">
              <value>
                <![CDATA["Orange HRM Login feature test"]]>
              </value>
            </param>
          </params>
          <reporter-output>
          </reporter-output>
        </test-method> <!-- runScenario -->
        <test-method signature="runScenario(io.cucumber.testng.PickleWrapper,io.cucumber.testng.FeatureWrapper)[pri:0, instance:com.runner.RunnerClass$CucumberRunnerTests@548a24a]" started-at="2023-09-29T10:58:54 IST" name="runScenario" description="Runs Cucumber Scenarios" data-provider="scenarios" finished-at="2023-09-29T10:59:15 IST" duration-ms="20913" status="PASS">
          <params>
            <param index="0">
              <value>
                <![CDATA["the user add performance tracker for multiple employees"]]>
              </value>
            </param>
            <param index="1">
              <value>
                <![CDATA["Trackers Feature"]]>
              </value>
            </param>
          </params>
          <reporter-output>
          </reporter-output>
        </test-method> <!-- runScenario -->
        <test-method signature="runScenario(io.cucumber.testng.PickleWrapper,io.cucumber.testng.FeatureWrapper)[pri:0, instance:com.runner.RunnerClass$CucumberRunnerTests@548a24a]" started-at="2023-09-29T10:59:15 IST" name="runScenario" description="Runs Cucumber Scenarios" data-provider="scenarios" finished-at="2023-09-29T10:59:33 IST" duration-ms="18460" status="PASS">
          <params>
            <param index="0">
              <value>
                <![CDATA["the user add performance tracker for multiple employees"]]>
              </value>
            </param>
            <param index="1">
              <value>
                <![CDATA["Trackers Feature"]]>
              </value>
            </param>
          </params>
          <reporter-output>
          </reporter-output>
        </test-method> <!-- runScenario -->
        <test-method signature="runScenario(io.cucumber.testng.PickleWrapper,io.cucumber.testng.FeatureWrapper)[pri:0, instance:com.runner.RunnerClass$CucumberRunnerTests@548a24a]" started-at="2023-09-29T10:59:33 IST" name="runScenario" description="Runs Cucumber Scenarios" data-provider="scenarios" finished-at="2023-09-29T10:59:42 IST" duration-ms="8658" status="PASS">
          <params>
            <param index="0">
              <value>
                <![CDATA["Login with valid credentials"]]>
              </value>
            </param>
            <param index="1">
              <value>
                <![CDATA["PIM Module in OrangeHRM"]]>
              </value>
            </param>
          </params>
          <reporter-output>
          </reporter-output>
        </test-method> <!-- runScenario -->
        <test-method signature="runScenario(io.cucumber.testng.PickleWrapper,io.cucumber.testng.FeatureWrapper)[pri:0, instance:com.runner.RunnerClass$CucumberRunnerTests@548a24a]" started-at="2023-09-29T10:59:42 IST" name="runScenario" description="Runs Cucumber Scenarios" data-provider="scenarios" finished-at="2023-09-29T11:00:17 IST" duration-ms="35196" status="PASS">
          <params>
            <param index="0">
              <value>
                <![CDATA["View Employee List"]]>
              </value>
            </param>
            <param index="1">
              <value>
                <![CDATA["PIM Module in OrangeHRM"]]>
              </value>
            </param>
          </params>
          <reporter-output>
          </reporter-output>
        </test-method> <!-- runScenario -->
        <test-method signature="runScenario(io.cucumber.testng.PickleWrapper,io.cucumber.testng.FeatureWrapper)[pri:0, instance:com.runner.RunnerClass$CucumberRunnerTests@548a24a]" started-at="2023-09-29T11:00:17 IST" name="runScenario" description="Runs Cucumber Scenarios" data-provider="scenarios" finished-at="2023-09-29T11:00:38 IST" duration-ms="21272" status="PASS">
          <params>
            <param index="0">
              <value>
                <![CDATA["Employee check"]]>
              </value>
            </param>
            <param index="1">
              <value>
                <![CDATA["PIM Module in OrangeHRM"]]>
              </value>
            </param>
          </params>
          <reporter-output>
          </reporter-output>
        </test-method> <!-- runScenario -->
        <test-method signature="runScenario(io.cucumber.testng.PickleWrapper,io.cucumber.testng.FeatureWrapper)[pri:0, instance:com.runner.RunnerClass$CucumberRunnerTests@548a24a]" started-at="2023-09-29T11:00:38 IST" name="runScenario" description="Runs Cucumber Scenarios" data-provider="scenarios" finished-at="2023-09-29T11:00:48 IST" duration-ms="10046" status="PASS">
          <params>
            <param index="0">
              <value>
                <![CDATA["Add new Recruitment in Candidates"]]>
              </value>
            </param>
            <param index="1">
              <value>
                <![CDATA["Validating the Recruitment Functionality in Candidates Options"]]>
              </value>
            </param>
          </params>
          <reporter-output>
          </reporter-output>
        </test-method> <!-- runScenario -->
        <test-method signature="runScenario(io.cucumber.testng.PickleWrapper,io.cucumber.testng.FeatureWrapper)[pri:0, instance:com.runner.RunnerClass$CucumberRunnerTests@548a24a]" started-at="2023-09-29T11:00:48 IST" name="runScenario" description="Runs Cucumber Scenarios" data-provider="scenarios" finished-at="2023-09-29T11:01:08 IST" duration-ms="19278" status="FAIL">
          <params>
            <param index="0">
              <value>
                <![CDATA["Searching for Added Candidates in Recruitment"]]>
              </value>
            </param>
            <param index="1">
              <value>
                <![CDATA["Validating the Recruitment Functionality in Candidates Options"]]>
              </value>
            </param>
          </params>
          <exception class="org.openqa.selenium.NoSuchElementException">
            <message>
              <![CDATA[no such element: Unable to locate element: {"method":"xpath","selector":"//div[@class='oxd-table-body oxd-card-table-body']/div/div/div/div/div/div/div/div[2]"}
  (Session info: chrome=117.0.5938.132)
For documentation on this error, please visit: https://www.selenium.dev/documentation/webdriver/troubleshooting/errors#no-such-element-exception
Build info: version: '4.12.1', revision: '8e34639b11'
System info: os.name: 'Windows 10', os.arch: 'amd64', os.version: '10.0', java.version: '17.0.7'
Driver info: org.openqa.selenium.chrome.ChromeDriver
Command: [30fd94b9ec64fe72656d0b416a5b00f7, findElement {using=xpath, value=//div[@class='oxd-table-body oxd-card-table-body']/div/div/div/div/div/div/div/div[2]}]
Capabilities {acceptInsecureCerts: false, browserName: chrome, browserVersion: 117.0.5938.132, chrome: {chromedriverVersion: 117.0.5938.92 (67649b10b92b..., userDataDir: C:\Users\MMARAL~1\AppData\L...}, fedcm:accounts: true, goog:chromeOptions: {debuggerAddress: localhost:51857}, networkConnectionEnabled: false, pageLoadStrategy: normal, platformName: windows, proxy: Proxy(), se:cdp: ws://localhost:51857/devtoo..., se:cdpVersion: 117.0.5938.132, setWindowRect: true, strictFileInteractability: false, timeouts: {implicit: 0, pageLoad: 300000, script: 30000}, unhandledPromptBehavior: dismiss and notify, webauthn:extension:credBlob: true, webauthn:extension:largeBlob: true, webauthn:extension:minPinLength: true, webauthn:extension:prf: true, webauthn:virtualAuthenticators: true}
Session ID: 30fd94b9ec64fe72656d0b416a5b00f7]]>
            </message>
            <full-stacktrace>
              <![CDATA[org.openqa.selenium.NoSuchElementException: no such element: Unable to locate element: {"method":"xpath","selector":"//div[@class='oxd-table-body oxd-card-table-body']/div/div/div/div/div/div/div/div[2]"}
  (Session info: chrome=117.0.5938.132)
For documentation on this error, please visit: https://www.selenium.dev/documentation/webdriver/troubleshooting/errors#no-such-element-exception
Build info: version: '4.12.1', revision: '8e34639b11'
System info: os.name: 'Windows 10', os.arch: 'amd64', os.version: '10.0', java.version: '17.0.7'
Driver info: org.openqa.selenium.chrome.ChromeDriver
Command: [30fd94b9ec64fe72656d0b416a5b00f7, findElement {using=xpath, value=//div[@class='oxd-table-body oxd-card-table-body']/div/div/div/div/div/div/div/div[2]}]
Capabilities {acceptInsecureCerts: false, browserName: chrome, browserVersion: 117.0.5938.132, chrome: {chromedriverVersion: 117.0.5938.92 (67649b10b92b..., userDataDir: C:\Users\MMARAL~1\AppData\L...}, fedcm:accounts: true, goog:chromeOptions: {debuggerAddress: localhost:51857}, networkConnectionEnabled: false, pageLoadStrategy: normal, platformName: windows, proxy: Proxy(), se:cdp: ws://localhost:51857/devtoo..., se:cdpVersion: 117.0.5938.132, setWindowRect: true, strictFileInteractability: false, timeouts: {implicit: 0, pageLoad: 300000, script: 30000}, unhandledPromptBehavior: dismiss and notify, webauthn:extension:credBlob: true, webauthn:extension:largeBlob: true, webauthn:extension:minPinLength: true, webauthn:extension:prf: true, webauthn:virtualAuthenticators: true}
Session ID: 30fd94b9ec64fe72656d0b416a5b00f7
at java.base/jdk.internal.reflect.NativeConstructorAccessorImpl.newInstance0(Native Method)
at java.base/jdk.internal.reflect.NativeConstructorAccessorImpl.newInstance(NativeConstructorAccessorImpl.java:77)
at java.base/jdk.internal.reflect.DelegatingConstructorAccessorImpl.newInstance(DelegatingConstructorAccessorImpl.java:45)
at java.base/java.lang.reflect.Constructor.newInstanceWithCaller(Constructor.java:499)
at java.base/java.lang.reflect.Constructor.newInstance(Constructor.java:480)
at org.openqa.selenium.remote.codec.w3c.W3CHttpResponseCodec.createException(W3CHttpResponseCodec.java:200)
at org.openqa.selenium.remote.codec.w3c.W3CHttpResponseCodec.decode(W3CHttpResponseCodec.java:133)
at org.openqa.selenium.remote.codec.w3c.W3CHttpResponseCodec.decode(W3CHttpResponseCodec.java:52)
at org.openqa.selenium.remote.HttpCommandExecutor.execute(HttpCommandExecutor.java:191)
at org.openqa.selenium.remote.service.DriverCommandExecutor.invokeExecute(DriverCommandExecutor.java:196)
at org.openqa.selenium.remote.service.DriverCommandExecutor.execute(DriverCommandExecutor.java:171)
at org.openqa.selenium.remote.RemoteWebDriver.execute(RemoteWebDriver.java:602)
at org.openqa.selenium.remote.ElementLocation$ElementFinder$2.findElement(ElementLocation.java:165)
at org.openqa.selenium.remote.ElementLocation.findElement(ElementLocation.java:59)
at org.openqa.selenium.remote.RemoteWebDriver.findElement(RemoteWebDriver.java:359)
at org.openqa.selenium.remote.RemoteWebDriver.findElement(RemoteWebDriver.java:353)
at org.openqa.selenium.support.pagefactory.DefaultElementLocator.findElement(DefaultElementLocator.java:68)
at org.openqa.selenium.support.pagefactory.internal.LocatingElementHandler.invoke(LocatingElementHandler.java:38)
at jdk.proxy2/jdk.proxy2.$Proxy23.getText(Unknown Source)
at com.pageactions.Recruitment_CandiatesActions.getTextsofHome(Recruitment_CandiatesActions.java:49)
at com.stepdefinition.Recruitment_CandiatesStd.user_check_weather_new_user_added_or_not_candidates(Recruitment_CandiatesStd.java:61)
at ✽.User Check Weather New user Added or not Candidates(file:///C:/Users/mmaralinganavar/Desktop/Pilot%20Project/Git/PilotProject/PilotProjectOrangeHRM/src/test/resources/features/Recruitment_Candidates.feature:21)
]]>
            </full-stacktrace>
          </exception> <!-- org.openqa.selenium.NoSuchElementException -->
          <reporter-output>
          </reporter-output>
        </test-method> <!-- runScenario -->
        <test-method is-config="true" signature="tearDownClass()[pri:0, instance:com.runner.RunnerClass$CucumberRunnerTests@548a24a]" started-at="2023-09-29T11:01:08 IST" name="tearDownClass" finished-at="2023-09-29T11:01:25 IST" duration-ms="16818" status="PASS">
          <reporter-output>
          </reporter-output>
        </test-method> <!-- tearDownClass -->
      </class> <!-- com.runner.RunnerClass$CucumberRunnerTests -->
    </test> <!-- Default test -->
  </suite> <!-- Default suite -->
</testng-results>
